info it worked if it ends with ok
verbose cli [ '/home/cloud9/c9/support/node-c9-builds-v4/node-c9-sunos',
verbose cli   '/home/ide_kperch/workspaces/npm/bin/npm.js',
verbose cli   'install',
verbose cli   'antinode' ]
info using npm@1.0.1rc6
info using node@v0.4.5
verbose config file /home/cloud9/.npmrc
verbose config file /home/cloud9/c9/support/etc/npmrc
info into /mnt/ws/users/kperch/101374 [ 'antinode' ]
verbose cache add [ 'antinode', null ]
info addNamed [ 'antinode', '' ]
verbose addNamed [ null, '' ]
verbose GET antinode
verbose raw, before any munging antinode
verbose url resolving [ 'http://registry.npmjs.org/', './antinode' ]
verbose url resolved http://registry.npmjs.org/antinode
verbose url parsed { protocol: 'http:',
verbose url parsed   slashes: true,
verbose url parsed   host: 'registry.npmjs.org',
verbose url parsed   hostname: 'registry.npmjs.org',
verbose url parsed   pathname: '/antinode',
verbose url parsed   href: 'http://registry.npmjs.org/antinode' }
verbose response http://registry.npmjs.org/antinode
silly chunk {"error":"not_found","reason":"document not found"}
silly chunk 
silly get cb [ 404,
silly get cb   { server: 'CouchDB/1.1.0 (Erlang OTP/R14B04)',
silly get cb     date: 'Mon, 14 Nov 2011 00:47:14 GMT',
silly get cb     'content-type': 'application/json',
silly get cb     'content-length': '52',
silly get cb     'cache-control': 'must-revalidate' } ]
ERR! 404 'antinode' is not in the npm registry.
ERR! 404 You should bug the author to publish it.
ERR! 404 Note that you can also install from a tarball or folder.
ERR! 
ERR! System SunOS 5.11
ERR! command "/home/cloud9/c9/support/node-c9-builds-v4/node-c9-sunos" "/home/ide_kperch/workspaces/npm/bin/npm.js" "install" "antinode"
verbose exit [ 1, true ]
